This is pdfTeX, Version 3.141592653-2.6-1.40.28 (MiKTeX 25.12) (preloaded format=pdflatex 2026.4.11)  22 APR 2026 08:00
entering extended mode
 restricted \write18 enabled.
 %&-line parsing enabled.
**./mark2.tex
(mark2.tex
LaTeX2e <2025-11-01>
L3 programming layer <2025-12-24>
(C:\Users\Emon\AppData\Local\Programs\MiKTeX\tex/latex/base\report.cls
Document Class: report 2025/01/22 v1.4n Standard LaTeX document class
(C:\Users\Emon\AppData\Local\Programs\MiKTeX\tex/latex/base\size12.clo
File: size12.clo 2025/01/22 v1.4n Standard LaTeX file (size option)
)
\c@part=\count275
\c@chapter=\count276
\c@section=\count277
\c@subsection=\count278
\c@subsubsection=\count279
\c@paragraph=\count280
\c@subparagraph=\count281
\c@figure=\count282
\c@table=\count283
\abovecaptionskip=\skip49
\belowcaptionskip=\skip50
\bibindent=\dimen148
)
(C:\Users\Emon\AppData\Local\Programs\MiKTeX\tex/latex/geometry\geometry.sty
Package: geometry 2026/03/07 v6.0 Page Geometry

(C:\Users\Emon\AppData\Local\Programs\MiKTeX\tex/latex/graphics\keyval.sty
Package: keyval 2022/05/29 v1.15 key=value parser (DPC)
\KV@toks@=\toks17
)
(C:\Users\Emon\AppData\Local\Programs\MiKTeX\tex/generic/iftex\ifvtex.sty
Package: ifvtex 2019/10/25 v1.7 ifvtex legacy package. Use iftex instead.

(C:\Users\Emon\AppData\Local\Programs\MiKTeX\tex/generic/iftex\iftex.sty
Package: iftex 2024/12/12 v1.0g TeX engine tests
))
\Gm@cnth=\count284
\Gm@cntv=\count285
\c@Gm@tempcnt=\count286
\Gm@bindingoffset=\dimen149
\Gm@wd@mp=\dimen150
\Gm@odd@mp=\dimen151
\Gm@even@mp=\dimen152
\Gm@layoutwidth=\dimen153
\Gm@layoutheight=\dimen154
\Gm@layouthoffset=\dimen155
\Gm@layoutvoffset=\dimen156
\Gm@dimlist=\toks18

(C:\Users\Emon\AppData\Local\Programs\MiKTeX\tex/latex/geometry\geometry.cfg))
(C:\Users\Emon\AppData\Local\Programs\MiKTeX\tex/latex/psnfss\times.sty
Package: times 2020/03/25 PSNFSS-v9.3 (SPQR) 
)
(C:\Users\Emon\AppData\Local\Programs\MiKTeX\tex/latex/setspace\setspace.sty
Package: setspace 2022/12/04 v6.7b set line spacing
)
(C:\Users\Emon\AppData\Local\Programs\MiKTeX\tex/latex/graphics\graphicx.sty
Package: graphicx 2024/12/31 v1.2e Enhanced LaTeX Graphics (DPC,SPQR)

(C:\Users\Emon\AppData\Local\Programs\MiKTeX\tex/latex/graphics\graphics.sty
Package: graphics 2024/08/06 v1.4g Standard LaTeX Graphics (DPC,SPQR)

(C:\Users\Emon\AppData\Local\Programs\MiKTeX\tex/latex/graphics\trig.sty
Package: trig 2023/12/02 v1.11 sin cos tan (DPC)
)
(C:\Users\Emon\AppData\Local\Programs\MiKTeX\tex/latex/graphics-cfg\graphics.cf
g
File: graphics.cfg 2016/06/04 v1.11 sample graphics configuration
)
Package graphics Info: Driver file: pdftex.def on input line 106.

(C:\Users\Emon\AppData\Local\Programs\MiKTeX\tex/latex/graphics-def\pdftex.def
File: pdftex.def 2025/09/29 v1.2d Graphics/color driver for pdftex
))
\Gin@req@height=\dimen157
\Gin@req@width=\dimen158
)
(C:\Users\Emon\AppData\Local\Programs\MiKTeX\tex/latex/caption\subcaption.sty
Package: subcaption 2023/07/28 v1.6b Sub-captions (AR)

(C:\Users\Emon\AppData\Local\Programs\MiKTeX\tex/latex/caption\caption.sty
Package: caption 2023/08/05 v3.6o Customizing captions (AR)

(C:\Users\Emon\AppData\Local\Programs\MiKTeX\tex/latex/caption\caption3.sty
Package: caption3 2023/07/31 v2.4d caption3 kernel (AR)
\caption@tempdima=\dimen159
\captionmargin=\dimen160
\caption@leftmargin=\dimen161
\caption@rightmargin=\dimen162
\caption@width=\dimen163
\caption@indent=\dimen164
\caption@parindent=\dimen165
\caption@hangindent=\dimen166
Package caption Info: Standard document class detected.
)
\c@caption@flags=\count287
\c@continuedfloat=\count288
)
Package caption Info: New subtype `subfigure' on input line 238.
\c@subfigure=\count289
Package caption Info: New subtype `subtable' on input line 238.
\c@subtable=\count290
)
(C:\Users\Emon\AppData\Local\Programs\MiKTeX\tex/latex/booktabs\booktabs.sty
Package: booktabs 2020/01/12 v1.61803398 Publication quality tables
\heavyrulewidth=\dimen167
\lightrulewidth=\dimen168
\cmidrulewidth=\dimen169
\belowrulesep=\dimen170
\belowbottomsep=\dimen171
\aboverulesep=\dimen172
\abovetopsep=\dimen173
\cmidrulesep=\dimen174
\cmidrulekern=\dimen175
\defaultaddspace=\dimen176
\@cmidla=\count291
\@cmidlb=\count292
\@aboverulesep=\dimen177
\@belowrulesep=\dimen178
\@thisruleclass=\count293
\@lastruleclass=\count294
\@thisrulewidth=\dimen179
)
(C:\Users\Emon\AppData\Local\Programs\MiKTeX\tex/latex/tools\array.sty
Package: array 2025/09/25 v2.6n Tabular extension package (FMi)
\col@sep=\dimen180
\ar@mcellbox=\box53
\extrarowheight=\dimen181
\NC@list=\toks19
\extratabsurround=\skip51
\backup@length=\skip52
\ar@cellbox=\box54
)
(C:\Users\Emon\AppData\Local\Programs\MiKTeX\tex/latex/tools\longtable.sty
Package: longtable 2025-10-13 v4.24 Multi-page Table package (DPC)
\LTleft=\skip53
\LTright=\skip54
\LTpre=\skip55
\LTpost=\skip56
\LTchunksize=\count295
\LTcapwidth=\dimen182
\LT@head=\box55
\LT@firsthead=\box56
\LT@foot=\box57
\LT@lastfoot=\box58
\LT@gbox=\box59
\LT@cols=\count296
\LT@rows=\count297
\c@LT@tables=\count298
\c@LT@chunks=\count299
\LT@p@ftn=\toks20
)
(C:\Users\Emon\AppData\Local\Programs\MiKTeX\tex/latex/fancyhdr\fancyhdr.sty
Package: fancyhdr 2025/02/07 v5.2 Extensive control of page headers and footers

\f@nch@headwidth=\skip57
\f@nch@offset@elh=\skip58
\f@nch@offset@erh=\skip59
\f@nch@offset@olh=\skip60
\f@nch@offset@orh=\skip61
\f@nch@offset@elf=\skip62
\f@nch@offset@erf=\skip63
\f@nch@offset@olf=\skip64
\f@nch@offset@orf=\skip65
\f@nch@height=\skip66
\f@nch@footalignment=\skip67
\f@nch@widthL=\skip68
\f@nch@widthC=\skip69
\f@nch@widthR=\skip70
\@temptokenb=\toks21
)
(C:\Users\Emon\AppData\Local\Programs\MiKTeX\tex/latex/tocloft\tocloft.sty
Package: tocloft 2017/08/31 v2.3i parameterised ToC, etc., typesetting
Package tocloft Info: The document has chapter divisions on input line 51.
\cftparskip=\skip71
\cftbeforetoctitleskip=\skip72
\cftaftertoctitleskip=\skip73
\cftbeforepartskip=\skip74
\cftpartnumwidth=\skip75
\cftpartindent=\skip76
\cftbeforechapskip=\skip77
\cftchapindent=\skip78
\cftchapnumwidth=\skip79
\cftbeforesecskip=\skip80
\cftsecindent=\skip81
\cftsecnumwidth=\skip82
\cftbeforesubsecskip=\skip83
\cftsubsecindent=\skip84
\cftsubsecnumwidth=\skip85
\cftbeforesubsubsecskip=\skip86
\cftsubsubsecindent=\skip87
\cftsubsubsecnumwidth=\skip88
\cftbeforeparaskip=\skip89
\cftparaindent=\skip90
\cftparanumwidth=\skip91
\cftbeforesubparaskip=\skip92
\cftsubparaindent=\skip93
\cftsubparanumwidth=\skip94
\cftbeforeloftitleskip=\skip95
\cftafterloftitleskip=\skip96
\cftbeforefigskip=\skip97
\cftfigindent=\skip98
\cftfignumwidth=\skip99
\c@lofdepth=\count300
\c@lotdepth=\count301
\cftbeforelottitleskip=\skip100
\cftafterlottitleskip=\skip101
\cftbeforetabskip=\skip102
\cfttabindent=\skip103
\cfttabnumwidth=\skip104
)
(C:\Users\Emon\AppData\Local\Programs\MiKTeX\tex/latex/titlesec\titlesec.sty
Package: titlesec 2025/01/04 v2.17 Sectioning titles
\ttl@box=\box60
\beforetitleunit=\skip105
\aftertitleunit=\skip106
\ttl@plus=\dimen183
\ttl@minus=\dimen184
\ttl@toksa=\toks22
\titlewidth=\dimen185
\titlewidthlast=\dimen186
\titlewidthfirst=\dimen187
)
(C:\Users\Emon\AppData\Local\Programs\MiKTeX\tex/latex/parskip\parskip.sty
Package: parskip 2021-03-14 v2.0h non-zero parskip adjustments

(C:\Users\Emon\AppData\Local\Programs\MiKTeX\tex/latex/kvoptions\kvoptions.sty
Package: kvoptions 2022-06-15 v3.15 Key value format for package options (HO)

(C:\Users\Emon\AppData\Local\Programs\MiKTeX\tex/generic/ltxcmds\ltxcmds.sty
Package: ltxcmds 2023-12-04 v1.26 LaTeX kernel commands for general use (HO)
)
(C:\Users\Emon\AppData\Local\Programs\MiKTeX\tex/latex/kvsetkeys\kvsetkeys.sty
Package: kvsetkeys 2022-10-05 v1.19 Key value parser (HO)
)) (C:\Users\Emon\AppData\Local\Programs\MiKTeX\tex/latex/etoolbox\etoolbox.sty
Package: etoolbox 2025/10/02 v2.5m e-TeX tools for LaTeX (JAW)
\etb@tempcnta=\count302
))
(C:\Users\Emon\AppData\Local\Programs\MiKTeX\tex/latex/microtype\microtype.sty
Package: microtype 2026/03/01 v3.2d Micro-typographical refinements (RS)
\MT@toks=\toks23
\MT@tempbox=\box61
\MT@count=\count303
LaTeX Info: Redefining \noprotrusionifhmode on input line 1084.
LaTeX Info: Redefining \leftprotrusion on input line 1085.
\MT@prot@toks=\toks24
LaTeX Info: Redefining \rightprotrusion on input line 1104.
LaTeX Info: Redefining \textls on input line 1449.
\MT@outer@kern=\dimen188
LaTeX Info: Redefining \microtypecontext on input line 2053.
LaTeX Info: Redefining \textmicrotypecontext on input line 2070.
\MT@listname@count=\count304

(C:\Users\Emon\AppData\Local\Programs\MiKTeX\tex/latex/microtype\microtype-pdft
ex.def
File: microtype-pdftex.def 2026/03/01 v3.2d Definitions specific to pdftex (RS)

LaTeX Info: Redefining \lsstyle on input line 944.
LaTeX Info: Redefining \lslig on input line 944.
\MT@outer@space=\skip107
)
Package microtype Info: Loading configuration file microtype.cfg.

(C:\Users\Emon\AppData\Local\Programs\MiKTeX\tex/latex/microtype\microtype.cfg
File: microtype.cfg 2026/03/01 v3.2d microtype main configuration file (RS)
)
LaTeX Info: Redefining \microtypesetup on input line 3065.
) (C:\Users\Emon\AppData\Local\Programs\MiKTeX\tex/latex/hyperref\hyperref.sty
Package: hyperref 2025-07-12 v7.01o Hypertext links for LaTeX

(C:\Users\Emon\AppData\Local\Programs\MiKTeX\tex/generic/kvdefinekeys\kvdefinek
eys.sty
Package: kvdefinekeys 2019-12-19 v1.6 Define keys (HO)
)
(C:\Users\Emon\AppData\Local\Programs\MiKTeX\tex/generic/pdfescape\pdfescape.st
y
Package: pdfescape 2019/12/09 v1.15 Implements pdfTeX's escape features (HO)

(C:\Users\Emon\AppData\Local\Programs\MiKTeX\tex/generic/pdftexcmds\pdftexcmds.
sty
Package: pdftexcmds 2020-06-27 v0.33 Utility functions of pdfTeX for LuaTeX (HO
)

(C:\Users\Emon\AppData\Local\Programs\MiKTeX\tex/generic/infwarerr\infwarerr.st
y
Package: infwarerr 2019/12/03 v1.5 Providing info/warning/error messages (HO)
)
Package pdftexcmds Info: \pdf@primitive is available.
Package pdftexcmds Info: \pdf@ifprimitive is available.
Package pdftexcmds Info: \pdfdraftmode found.
)) (C:\Users\Emon\AppData\Local\Programs\MiKTeX\tex/latex/hycolor\hycolor.sty
Package: hycolor 2020-01-27 v1.10 Color options for hyperref/bookmark (HO)
) (C:\Users\Emon\AppData\Local\Programs\MiKTeX\tex/latex/hyperref\nameref.sty
Package: nameref 2025-06-21 v2.57 Cross-referencing by name of section

(C:\Users\Emon\AppData\Local\Programs\MiKTeX\tex/latex/refcount\refcount.sty
Package: refcount 2019/12/15 v3.6 Data extraction from label references (HO)
)
(C:\Users\Emon\AppData\Local\Programs\MiKTeX\tex/generic/gettitlestring\gettitl
estring.sty
Package: gettitlestring 2019/12/15 v1.6 Cleanup title references (HO)
)
\c@section@level=\count305
)
(C:\Users\Emon\AppData\Local\Programs\MiKTeX\tex/generic/stringenc\stringenc.st
y
Package: stringenc 2019/11/29 v1.12 Convert strings between diff. encodings (HO
)
)
\@linkdim=\dimen189
\Hy@linkcounter=\count306
\Hy@pagecounter=\count307
 (C:\Users\Emon\AppData\Local\Programs\MiKTeX\tex/latex/hyperref\pd1enc.def
File: pd1enc.def 2025-07-12 v7.01o Hyperref: PDFDocEncoding definition (HO)
Now handling font encoding PD1 ...
... no UTF-8 mapping file for font encoding PD1
)
(C:\Users\Emon\AppData\Local\Programs\MiKTeX\tex/generic/intcalc\intcalc.sty
Package: intcalc 2019/12/15 v1.3 Expandable calculations with integers (HO)
)
\Hy@SavedSpaceFactor=\count308

(C:\Users\Emon\AppData\Local\Programs\MiKTeX\tex/latex/hyperref\puenc.def
File: puenc.def 2025-07-12 v7.01o Hyperref: PDF Unicode definition (HO)
Now handling font encoding PU ...
... no UTF-8 mapping file for font encoding PU
)
Package hyperref Info: Hyper figures OFF on input line 4195.
Package hyperref Info: Link nesting OFF on input line 4200.
Package hyperref Info: Hyper index ON on input line 4203.
Package hyperref Info: Plain pages OFF on input line 4210.
Package hyperref Info: Backreferencing OFF on input line 4215.
Package hyperref Info: Implicit mode ON; LaTeX internals redefined.
Package hyperref Info: Bookmarks ON on input line 4462.
\c@Hy@tempcnt=\count309

(C:\Users\Emon\AppData\Local\Programs\MiKTeX\tex/latex/url\url.sty
\Urlmuskip=\muskip17
Package: url 2013/09/16  ver 3.4  Verb mode for urls, etc.
)
LaTeX Info: Redefining \url on input line 4801.
\XeTeXLinkMargin=\dimen190

(C:\Users\Emon\AppData\Local\Programs\MiKTeX\tex/generic/bitset\bitset.sty
Package: bitset 2019/12/09 v1.3 Handle bit-vector datatype (HO)

(C:\Users\Emon\AppData\Local\Programs\MiKTeX\tex/generic/bigintcalc\bigintcalc.
sty
Package: bigintcalc 2019/12/15 v1.5 Expandable calculations on big integers (HO
)
))
\Fld@menulength=\count310
\Field@Width=\dimen191
\Fld@charsize=\dimen192
Package hyperref Info: Hyper figures OFF on input line 6078.
Package hyperref Info: Link nesting OFF on input line 6083.
Package hyperref Info: Hyper index ON on input line 6086.
Package hyperref Info: backreferencing OFF on input line 6093.
Package hyperref Info: Link coloring OFF on input line 6098.
Package hyperref Info: Link coloring with OCG OFF on input line 6103.
Package hyperref Info: PDF/A mode OFF on input line 6108.
\Hy@abspage=\count311
\c@Item=\count312
\c@Hfootnote=\count313
)
Package hyperref Info: Driver (autodetected): hpdftex.

(C:\Users\Emon\AppData\Local\Programs\MiKTeX\tex/latex/hyperref\hpdftex.def
File: hpdftex.def 2025-07-12 v7.01o Hyperref driver for pdfTeX
\Fld@listcount=\count314
\c@bookmark@seq@number=\count315

(C:\Users\Emon\AppData\Local\Programs\MiKTeX\tex/latex/rerunfilecheck\rerunfile
check.sty
Package: rerunfilecheck 2025-06-21 v1.11 Rerun checks for auxiliary files (HO)

(C:\Users\Emon\AppData\Local\Programs\MiKTeX\tex/generic/uniquecounter\uniqueco
unter.sty
Package: uniquecounter 2019/12/15 v1.4 Provide unlimited unique counter (HO)
)
Package uniquecounter Info: New unique counter `rerunfilecheck' on input line 2
84.
)
\Hy@SectionHShift=\skip108
)
(C:\Users\Emon\AppData\Local\Programs\MiKTeX\tex/latex/amsmath\amsmath.sty
Package: amsmath 2025/07/09 v2.17z AMS math features
\@mathmargin=\skip109

For additional information on amsmath, use the `?' option.
(C:\Users\Emon\AppData\Local\Programs\MiKTeX\tex/latex/amsmath\amstext.sty
Package: amstext 2024/11/17 v2.01 AMS text

(C:\Users\Emon\AppData\Local\Programs\MiKTeX\tex/latex/amsmath\amsgen.sty
File: amsgen.sty 1999/11/30 v2.0 generic functions
\@emptytoks=\toks25
\ex@=\dimen193
))
(C:\Users\Emon\AppData\Local\Programs\MiKTeX\tex/latex/amsmath\amsbsy.sty
Package: amsbsy 1999/11/29 v1.2d Bold Symbols
\pmbraise@=\dimen194
)
(C:\Users\Emon\AppData\Local\Programs\MiKTeX\tex/latex/amsmath\amsopn.sty
Package: amsopn 2022/04/08 v2.04 operator names
)
\inf@bad=\count316
LaTeX Info: Redefining \frac on input line 233.
\uproot@=\count317
\leftroot@=\count318
LaTeX Info: Redefining \overline on input line 398.
LaTeX Info: Redefining \colon on input line 409.
\classnum@=\count319
\DOTSCASE@=\count320
LaTeX Info: Redefining \ldots on input line 495.
LaTeX Info: Redefining \dots on input line 498.
LaTeX Info: Redefining \cdots on input line 619.
\Mathstrutbox@=\box62
\strutbox@=\box63
LaTeX Info: Redefining \big on input line 721.
LaTeX Info: Redefining \Big on input line 722.
LaTeX Info: Redefining \bigg on input line 723.
LaTeX Info: Redefining \Bigg on input line 724.
\big@size=\dimen195
LaTeX Font Info:    Redeclaring font encoding OML on input line 742.
LaTeX Font Info:    Redeclaring font encoding OMS on input line 743.
\macc@depth=\count321
LaTeX Info: Redefining \bmod on input line 904.
LaTeX Info: Redefining \pmod on input line 909.
LaTeX Info: Redefining \smash on input line 939.
LaTeX Info: Redefining \relbar on input line 969.
LaTeX Info: Redefining \Relbar on input line 970.
\c@MaxMatrixCols=\count322
\dotsspace@=\muskip18
\c@parentequation=\count323
\dspbrk@lvl=\count324
\tag@help=\toks26
\row@=\count325
\column@=\count326
\maxfields@=\count327
\andhelp@=\toks27
\eqnshift@=\dimen196
\alignsep@=\dimen197
\tagshift@=\dimen198
\tagwidth@=\dimen199
\totwidth@=\dimen256
\lineht@=\dimen257
\@envbody=\toks28
\multlinegap=\skip110
\multlinetaggap=\skip111
\mathdisplay@stack=\toks29
LaTeX Info: Redefining \[ on input line 2950.
LaTeX Info: Redefining \] on input line 2951.
)
(C:\Users\Emon\AppData\Local\Programs\MiKTeX\tex/latex/xcolor\xcolor.sty
Package: xcolor 2024/09/29 v3.02 LaTeX color extensions (UK)

(C:\Users\Emon\AppData\Local\Programs\MiKTeX\tex/latex/graphics-cfg\color.cfg
File: color.cfg 2016/01/02 v1.6 sample color configuration
)
Package xcolor Info: Driver file: pdftex.def on input line 274.

(C:\Users\Emon\AppData\Local\Programs\MiKTeX\tex/latex/graphics\mathcolor.ltx)
Package xcolor Info: Model `cmy' substituted by `cmy0' on input line 1349.
Package xcolor Info: Model `hsb' substituted by `rgb' on input line 1353.
Package xcolor Info: Model `RGB' extended on input line 1365.
Package xcolor Info: Model `HTML' substituted by `rgb' on input line 1367.
Package xcolor Info: Model `Hsb' substituted by `hsb' on input line 1368.
Package xcolor Info: Model `tHsb' substituted by `hsb' on input line 1369.
Package xcolor Info: Model `HSB' substituted by `hsb' on input line 1370.
Package xcolor Info: Model `Gray' substituted by `gray' on input line 1371.
Package xcolor Info: Model `wave' substituted by `hsb' on input line 1372.
) (C:\Users\Emon\AppData\Local\Programs\MiKTeX\tex/latex/float\float.sty
Package: float 2001/11/08 v1.3d Float enhancements (AL)
\c@float@type=\count328
\float@exts=\toks30
\float@box=\box64
\@float@everytoks=\toks31
\@floatcapt=\box65
)
(C:\Users\Emon\AppData\Local\Programs\MiKTeX\tex/latex/enumitem\enumitem.sty
Package: enumitem 2025/02/06 v3.11 Customized lists
\labelindent=\skip112
\enit@outerparindent=\dimen258
\enit@toks=\toks32
\enit@inbox=\box66
\enit@count@id=\count329
\enitdp@description=\count330
)
(C:\Users\Emon\AppData\Local\Programs\MiKTeX\tex/latex/amsfonts\amssymb.sty
Package: amssymb 2013/01/14 v3.01 AMS font symbols

(C:\Users\Emon\AppData\Local\Programs\MiKTeX\tex/latex/amsfonts\amsfonts.sty
Package: amsfonts 2013/01/14 v3.01 Basic AMSFonts support
\symAMSa=\mathgroup4
\symAMSb=\mathgroup5
LaTeX Font Info:    Redeclaring math symbol \hbar on input line 98.
LaTeX Font Info:    Overwriting math alphabet `\mathfrak' in version `bold'
(Font)                  U/euf/m/n --> U/euf/b/n on input line 106.
))
(C:\Users\Emon\AppData\Local\Programs\MiKTeX\tex/latex/graphics\rotating.sty
Package: rotating 2025/01/14 v2.16e rotated objects in LaTeX

(C:\Users\Emon\AppData\Local\Programs\MiKTeX\tex/latex/base\ifthen.sty
Package: ifthen 2024/03/16 v1.1e Standard LaTeX ifthen package (DPC)
)
\c@r@tfl@t=\count331
\rotFPtop=\skip113
\rotFPbot=\skip114
\rot@float@box=\box67
\rot@mess@toks=\toks33
)
(C:\Users\Emon\AppData\Local\Programs\MiKTeX\tex/latex/pdflscape\pdflscape.sty
Package: pdflscape 2022-10-27 v0.13 Display of landscape pages in PDF

(C:\Users\Emon\AppData\Local\Programs\MiKTeX\tex/latex/pdflscape\pdflscape-nome
tadata.sty
Package: pdflscape-nometadata 2022-10-28 v0.13 Display of landscape pages in PD
F (HO)

(C:\Users\Emon\AppData\Local\Programs\MiKTeX\tex/latex/graphics\lscape.sty
Package: lscape 2020/05/28 v3.02 Landscape Pages (DPC)
)
Package pdflscape Info: Auto-detected driver: pdftex on input line 81.
))
(C:\Users\Emon\AppData\Local\Programs\MiKTeX\tex/latex/svg\svg.sty
Package: svg 2020/11/26 v2.02k (include SVG pictures)

(C:\Users\Emon\AppData\Local\Programs\MiKTeX\tex/latex/koma-script\scrbase.sty
Package: scrbase 2026/02/02 v3.49.2 KOMA-Script package (KOMA-Script-independen
t basics and keyval usage)

(C:\Users\Emon\AppData\Local\Programs\MiKTeX\tex/latex/koma-script\scrlfile.sty
Package: scrlfile 2026/02/02 v3.49.2 KOMA-Script package (file load hooks)

(C:\Users\Emon\AppData\Local\Programs\MiKTeX\tex/latex/koma-script\scrlfile-hoo
k.sty
Package: scrlfile-hook 2026/02/02 v3.49.2 KOMA-Script package (using LaTeX hook
s)

(C:\Users\Emon\AppData\Local\Programs\MiKTeX\tex/latex/koma-script\scrlogo.sty
Package: scrlogo 2026/02/02 v3.49.2 KOMA-Script package (logo)
)))
Applying: [2021/05/01] Usage of raw or classic option list on input line 254.
Already applied: [0000/00/00] Usage of raw or classic option list on input line
 370.
)
(C:\Users\Emon\AppData\Local\Programs\MiKTeX\tex/latex/trimspaces\trimspaces.st
y
Package: trimspaces 2009/09/17 v1.1 Trim spaces around a token list
) (C:\Users\Emon\AppData\Local\Programs\MiKTeX\tex/latex/tools\shellesc.sty
Package: shellesc 2023/07/08 v1.0d unified shell escape interface for LaTeX
Package shellesc Info: Restricted shell escape enabled on input line 77.
)
\c@svg@param@lastpage=\count332
\svg@box=\box68
\c@svg@param@currpage=\count333
)
(C:\Users\Emon\AppData\Local\Programs\MiKTeX\tex/latex/transparent\transparent.
sty
Package: transparent 2025-06-23 v1.6 Transparency with color stacks

(C:\Users\Emon\AppData\Local\Programs\MiKTeX\tex/latex/transparent\transparent-
nometadata.sty
Package: transparent-nometadata 2025-06-23 v1.6 Transparency via pdfTeX's color
 stack (HO)

(C:\Users\Emon\AppData\Local\Programs\MiKTeX\tex/latex/auxhook\auxhook.sty
Package: auxhook 2019-12-17 v1.6 Hooks for auxiliary files (HO)
)))
(C:\Users\Emon\AppData\Local\Programs\MiKTeX\tex/latex/pgf/systemlayer\pgfsys.s
ty
(C:\Users\Emon\AppData\Local\Programs\MiKTeX\tex/latex/pgf/utilities\pgfrcs.sty

(C:\Users\Emon\AppData\Local\Programs\MiKTeX\tex/generic/pgf/utilities\pgfutil-
common.tex
\pgfutil@everybye=\toks34
\pgfutil@tempdima=\dimen259
\pgfutil@tempdimb=\dimen260
)
(C:\Users\Emon\AppData\Local\Programs\MiKTeX\tex/generic/pgf/utilities\pgfutil-
latex.def
\pgfutil@abb=\box69
)
(C:\Users\Emon\AppData\Local\Programs\MiKTeX\tex/generic/pgf/utilities\pgfrcs.c
ode.tex
(C:\Users\Emon\AppData\Local\Programs\MiKTeX\tex/generic/pgf\pgf.revision.tex)
Package: pgfrcs 2025-08-29 v3.1.11a (3.1.11a)
))
(C:\Users\Emon\AppData\Local\Programs\MiKTeX\tex/generic/pgf/systemlayer\pgfsys
.code.tex
Package: pgfsys 2025-08-29 v3.1.11a (3.1.11a)

(C:\Users\Emon\AppData\Local\Programs\MiKTeX\tex/generic/pgf/utilities\pgfkeys.
code.tex
\pgfkeys@pathtoks=\toks35
\pgfkeys@temptoks=\toks36

(C:\Users\Emon\AppData\Local\Programs\MiKTeX\tex/generic/pgf/utilities\pgfkeysl
ibraryfiltered.code.tex
\pgfkeys@tmptoks=\toks37
))
\pgf@x=\dimen261
\pgf@y=\dimen262
\pgf@xa=\dimen263
\pgf@ya=\dimen264
\pgf@xb=\dimen265
\pgf@yb=\dimen266
\pgf@xc=\dimen267
\pgf@yc=\dimen268
\pgf@xd=\dimen269
\pgf@yd=\dimen270
\w@pgf@writea=\write3
\r@pgf@reada=\read2
\c@pgf@counta=\count334
\c@pgf@countb=\count335
\c@pgf@countc=\count336
\c@pgf@countd=\count337
\t@pgf@toka=\toks38
\t@pgf@tokb=\toks39
\t@pgf@tokc=\toks40
\pgf@sys@id@count=\count338

(C:\Users\Emon\AppData\Local\Programs\MiKTeX\tex/generic/pgf/systemlayer\pgf.cf
g
File: pgf.cfg 2025-08-29 v3.1.11a (3.1.11a)
)
Driver file for pgf: pgfsys-pdftex.def

(C:\Users\Emon\AppData\Local\Programs\MiKTeX\tex/generic/pgf/systemlayer\pgfsys
-pdftex.def
File: pgfsys-pdftex.def 2025-08-29 v3.1.11a (3.1.11a)

(C:\Users\Emon\AppData\Local\Programs\MiKTeX\tex/generic/pgf/systemlayer\pgfsys
-common-pdf.def
File: pgfsys-common-pdf.def 2025-08-29 v3.1.11a (3.1.11a)
)))
(C:\Users\Emon\AppData\Local\Programs\MiKTeX\tex/generic/pgf/systemlayer\pgfsys
softpath.code.tex
File: pgfsyssoftpath.code.tex 2025-08-29 v3.1.11a (3.1.11a)
\pgfsyssoftpath@smallbuffer@items=\count339
\pgfsyssoftpath@bigbuffer@items=\count340
)
(C:\Users\Emon\AppData\Local\Programs\MiKTeX\tex/generic/pgf/systemlayer\pgfsys
protocol.code.tex
File: pgfsysprotocol.code.tex 2025-08-29 v3.1.11a (3.1.11a)
))
Package hyperref Info: Option `colorlinks' set `true' on input line 45.
Package hyperref Info: Option `bookmarksnumbered' set `true' on input line 45.
LaTeX Font Info:    Trying to load font information for OT1+ptm on input line 9
3.

(C:\Users\Emon\AppData\Local\Programs\MiKTeX\tex/latex/psnfss\ot1ptm.fd
File: ot1ptm.fd 2001/06/04 font definitions for OT1/ptm.
)
(C:\Users\Emon\AppData\Local\Programs\MiKTeX\tex/latex/l3backend\l3backend-pdft
ex.def
File: l3backend-pdftex.def 2025-10-09 L3 backend support: PDF output (pdfTeX)
\l__color_backend_stack_int=\count341
) (mark2.aux)
\openout1 = `mark2.aux'.

LaTeX Font Info:    Checking defaults for OML/cmm/m/it on input line 93.
LaTeX Font Info:    ... okay on input line 93.
LaTeX Font Info:    Checking defaults for OMS/cmsy/m/n on input line 93.
LaTeX Font Info:    ... okay on input line 93.
LaTeX Font Info:    Checking defaults for OT1/cmr/m/n on input line 93.
LaTeX Font Info:    ... okay on input line 93.
LaTeX Font Info:    Checking defaults for T1/cmr/m/n on input line 93.
LaTeX Font Info:    ... okay on input line 93.
LaTeX Font Info:    Checking defaults for TS1/cmr/m/n on input line 93.
LaTeX Font Info:    ... okay on input line 93.
LaTeX Font Info:    Checking defaults for OMX/cmex/m/n on input line 93.
LaTeX Font Info:    ... okay on input line 93.
LaTeX Font Info:    Checking defaults for U/cmr/m/n on input line 93.
LaTeX Font Info:    ... okay on input line 93.
LaTeX Font Info:    Checking defaults for PD1/pdf/m/n on input line 93.
LaTeX Font Info:    ... okay on input line 93.
LaTeX Font Info:    Checking defaults for PU/pdf/m/n on input line 93.
LaTeX Font Info:    ... okay on input line 93.

*geometry* driver: auto-detecting
*geometry* detected driver: pdftex
*geometry* verbose mode - [ preamble ] result:
* driver: pdftex
* paper: a4paper
* layout: <same size as paper>
* layoutoffset:(h,v)=(0.0pt,0.0pt)
* modes: 
* h-part:(L,W,R)=(86.72377pt, 438.51411pt, 72.26999pt)
* v-part:(T,H,B)=(72.26999pt, 700.50687pt, 72.26999pt)
* \paperwidth=597.50787pt
* \paperheight=845.04684pt
* \textwidth=438.51411pt
* \textheight=700.50687pt
* \oddsidemargin=14.45378pt
* \evensidemargin=14.45378pt
* \topmargin=-27.0pt
* \headheight=15.0pt
* \headsep=12.0pt
* \topskip=12.0pt
* \footskip=28.90755pt
* \marginparwidth=35.0pt
* \marginparsep=10.0pt
* \columnsep=10.0pt
* \skip\footins=10.8pt plus 4.0pt minus 2.0pt
* \hoffset=0.0pt
* \voffset=0.0pt
* \mag=1000
* \@twocolumnfalse
* \@twosidefalse
* \@mparswitchfalse
* \@reversemarginfalse
* (1in=72.27pt=25.4mm, 1cm=28.453pt)


(C:\Users\Emon\AppData\Local\Programs\MiKTeX\tex/context/base/mkii\supp-pdf.mki
i
[Loading MPS to PDF converter (version 2006.09.02).]
\scratchcounter=\count342
\scratchdimen=\dimen271
\scratchbox=\box70
\nofMPsegments=\count343
\nofMParguments=\count344
\everyMPshowfont=\toks41
\MPscratchCnt=\count345
\MPscratchDim=\dimen272
\MPnumerator=\count346
\makeMPintoPDFobject=\count347
\everyMPtoPDFconversion=\toks42
)
(C:\Users\Emon\AppData\Local\Programs\MiKTeX\tex/latex/epstopdf-pkg\epstopdf-ba
se.sty
Package: epstopdf-base 2020-01-24 v2.11 Base part for package epstopdf
Package epstopdf-base Info: Redefining graphics rule for `.eps' on input line 4
85.

(C:\Users\Emon\AppData\Local\Programs\MiKTeX\tex/latex/00miktex\epstopdf-sys.cf
g
File: epstopdf-sys.cfg 2021/03/18 v2.0 Configuration of epstopdf for MiKTeX
))
Package caption Info: Begin \AtBeginDocument code.
Package caption Info: float package is loaded.
Package caption Info: hyperref package is loaded.
Package caption Info: longtable package is loaded.

(C:\Users\Emon\AppData\Local\Programs\MiKTeX\tex/latex/caption\ltcaption.sty
Package: ltcaption 2021/01/08 v1.4c longtable captions (AR)
)
Package caption Info: rotating package is loaded.
Package caption Info: End \AtBeginDocument code.
LaTeX Info: Redefining \microtypecontext on input line 93.
Package microtype Info: Applying patch `item' on input line 93.
Package microtype Info: Applying patch `toc' on input line 93.
Package microtype Info: Applying patch `eqnum' on input line 93.
Package microtype Info: Applying patch `footnote' on input line 93.
Package microtype Info: Applying patch `verbatim' on input line 93.
LaTeX Info: Redefining \microtypesetup on input line 93.
Package microtype Info: Generating PDF output.
Package microtype Info: Character protrusion enabled (level 2).
Package microtype Info: Using default protrusion set `alltext'.
Package microtype Info: Automatic font expansion enabled (level 2),
(microtype)             stretch: 20, shrink: 20, step: 1, non-selected.
Package microtype Info: Using default expansion set `alltext-nott'.
Package microtype Info: Patching command `\showhyphens'.
Package microtype Info: No adjustment of tracking.
Package microtype Info: No adjustment of interword spacing.
Package microtype Info: No adjustment of character kerning.

(C:\Users\Emon\AppData\Local\Programs\MiKTeX\tex/latex/microtype\mt-ptm.cfg
File: mt-ptm.cfg 2006/04/20 v1.7 microtype config. file: Times (RS)
)
Package hyperref Info: Link coloring ON on input line 93.

(mark2.out) (mark2.out)
\@outlinefile=\write4
\openout4 = `mark2.out'.

 [1


{C:/Users/Emon/AppData/Local/MiKTeX/fonts/map/pdftex/pdftex.map}{C:/Users/Emon/
AppData/Local/Programs/MiKTeX/fonts/enc/dvips/base/8r.enc}] [2


] (mark2.toc
(C:\Users\Emon\AppData\Local\Programs\MiKTeX\tex/latex/microtype\mt-cmr.cfg
File: mt-cmr.cfg 2013/05/19 v2.2 microtype config. file: Computer Modern Roman 
(RS)
)
LaTeX Font Info:    Trying to load font information for U+msa on input line 1.

(C:\Users\Emon\AppData\Local\Programs\MiKTeX\tex/latex/amsfonts\umsa.fd
File: umsa.fd 2013/01/14 v3.01 AMS symbols A
)
(C:\Users\Emon\AppData\Local\Programs\MiKTeX\tex/latex/microtype\mt-msa.cfg
File: mt-msa.cfg 2006/02/04 v1.1 microtype config. file: AMS symbols (a) (RS)
)
LaTeX Font Info:    Trying to load font information for U+msb on input line 1.

(C:\Users\Emon\AppData\Local\Programs\MiKTeX\tex/latex/amsfonts\umsb.fd
File: umsb.fd 2013/01/14 v3.01 AMS symbols B
)
(C:\Users\Emon\AppData\Local\Programs\MiKTeX\tex/latex/microtype\mt-msb.cfg
File: mt-msb.cfg 2005/06/01 v1.0 microtype config. file: AMS symbols (b) (RS)
)
[3

] [4])
\tf@toc=\write5
\openout5 = `mark2.toc'.

 [5] (mark2.lot)
\tf@lot=\write6
\openout6 = `mark2.lot'.

 (mark2.lof
LaTeX Font Info:    Trying to load font information for OT1+pcr on input line 1
0.

(C:\Users\Emon\AppData\Local\Programs\MiKTeX\tex/latex/psnfss\ot1pcr.fd
File: ot1pcr.fd 2001/06/04 font definitions for OT1/pcr.
)
[6

])
\tf@lof=\write7
\openout7 = `mark2.lof'.

 [7]
Chapter 1.
LaTeX Font Info:    Trying to load font information for TS1+ptm on input line 2
26.
(C:\Users\Emon\AppData\Local\Programs\MiKTeX\tex/latex/psnfss\ts1ptm.fd
File: ts1ptm.fd 2001/06/04 font definitions for TS1/ptm.
)
pdfTeX warning (ext4): destination with the same identifier (name{page.1}) has 
been already used, duplicate ignored
<to be read again> 
                   \relax 
l.236 
       [1


]
pdfTeX warning (ext4): destination with the same identifier (name{page.2}) has 
been already used, duplicate ignored
<to be read again> 
                   \relax 
l.265     \item \textbf
                       {Material Design} to provide a contemporary look of t...
[2]
pdfTeX warning (ext4): destination with the same identifier (name{page.3}) has 
been already used, duplicate ignored
<to be read again> 
                   \relax 
l.323 
       [3]
pdfTeX warning (ext4): destination with the same identifier (name{page.4}) has 
been already used, duplicate ignored
<to be read again> 
                   \relax 
l.353 \section{How This App Can Be Used}
                                         [4]
pdfTeX warning (ext4): destination with the same identifier (name{page.5}) has 
been already used, duplicate ignored
<to be read again> 
                   \relax 
l.382 \chapter
              {Related Works} [5]
Chapter 2.

pdfTeX warning (ext4): destination with the same identifier (name{page.6}) has 
been already used, duplicate ignored
<to be read again> 
                   \relax 
l.407     \item T
                 hey fail to keep a record of the battery session history.
[6

]
pdfTeX warning (ext4): destination with the same identifier (name{page.7}) has 
been already used, duplicate ignored
<to be read again> 
                   \relax 
l.455 \chapter
              {Methodology} [7] [8]
Chapter 3.
[9

]
<SS/p9.jpeg, id=617, 1264.725pt x 2810.5pt>
File: SS/p9.jpeg Graphic file (type jpg)
<use SS/p9.jpeg>
Package pdftex.def Info: SS/p9.jpeg  used on input line 532.
(pdftex.def)             Requested size: 184.17511pt x 409.2489pt.
<SS/p12.jpeg, id=618, 632.3625pt x 1405.25pt>
File: SS/p12.jpeg Graphic file (type jpg)
<use SS/p12.jpeg>
Package pdftex.def Info: SS/p12.jpeg  used on input line 538.
(pdftex.def)             Requested size: 184.17511pt x 409.27034pt.
 [10] [11 <./SS/p9.jpeg> <./SS/p12.jpeg>]
Overfull \hbox (0.29482pt too wide) in paragraph at lines 576--577
[]\OT1/ptm/m/n/12 (-20) Once Flut-ter gets this data, \OT1/pcr/m/n/12 RealBatte
ryService \OT1/ptm/m/n/12 (-20) con-verts this data to a \OT1/pcr/m/n/12 Batter
yData
 []

[12] [13] [14]
Overfull \hbox (57.60158pt too wide) in paragraph at lines 723--732
 [][] 
 []

[15] [16]
Chapter 4.
[17

]
<UML/Class.png, id=691, 8222.72pt x 5746.46875pt>
File: UML/Class.png Graphic file (type png)
<use UML/Class.png>
Package pdftex.def Info: UML/Class.png  used on input line 785.
(pdftex.def)             Requested size: 564.608pt x 394.57773pt.
 [18 <./UML/Class.png>]

Package svg Warning: You didn't enable `shell escape' (or `write18')
(svg)                so it wasn't possible to launch the Inkscape export
(svg)                for `UML/use_case_diagram.svg' on input line 802.


! Package svg Error: File `use_case_diagram_svg-tex.pdf' is missing.

See the svg package documentation for explanation.
Type  H <return>  for immediate help.
 ...                                              
                                                  
l.802 ...dth=0.82\textwidth]{UML/use_case_diagram}
                                                  
? 

! Package svg Error: File `use_case_diagram_svg-tex.pdf_tex' is missing.

See the svg package documentation for explanation.
Type  H <return>  for immediate help.
 ...                                              
                                                  
l.802 ...dth=0.82\textwidth]{UML/use_case_diagram}
                                                  
? 
[19


]
<UML/Sequence.png, id=705, 8152.4575pt x 4958.525pt>
File: UML/Sequence.png Graphic file (type png)
<use UML/Sequence.png>
Package pdftex.def Info: UML/Sequence.png  used on input line 819.
(pdftex.def)             Requested size: 612.7763pt x 372.7056pt.
 [20 <./UML/Sequence.png>]
<UML/LanchFlowState.png, id=712, 2523.4275pt x 4552.00626pt>
File: UML/LanchFlowState.png Graphic file (type png)
<use UML/LanchFlowState.png>
Package pdftex.def Info: UML/LanchFlowState.png  used on input line 844.
(pdftex.def)             Requested size: 315.7307pt x 569.4856pt.
 [21


]
<UML/Monitoring_life_cycle_state.png, id=718, 4504.83pt x 3600.45125pt>
File: UML/Monitoring_life_cycle_state.png Graphic file (type png)
<use UML/Monitoring_life_cycle_state.png>
Package pdftex.def Info: UML/Monitoring_life_cycle_state.png  used on input lin
e 860.
(pdftex.def)             Requested size: 372.73967pt x 297.87596pt.
 [22 <./UML/LanchFlowState.png>]
Overfull \hbox (0.8265pt too wide) in paragraph at lines 868--875
\OT1/ptm/m/n/12 (-20) Figure [][]4.6[][] mod-els the charging-session states tr
acked in-side \OT1/pcr/m/n/12 RealBatteryService\OT1/ptm/m/n/12 (-20) .
 []

<UML/Battery_session_state.png, id=725, 4639.3325pt x 2760.3125pt>
File: UML/Battery_session_state.png Graphic file (type png)
<use UML/Battery_session_state.png>
Package pdftex.def Info: UML/Battery_session_state.png  used on input line 879.

(pdftex.def)             Requested size: 394.66002pt x 234.81299pt.
[23 <./UML/Monitoring_life_cycle_state.png>]
<UML/activity.png, id=731, 3174.86125pt x 8222.72pt>
File: UML/activity.png Graphic file (type png)
<use UML/activity.png>
Package pdftex.def Info: UML/activity.png  used on input line 899.
(pdftex.def)             Requested size: 192.94728pt x 499.61534pt.

Underfull \hbox (badness 10000) in paragraph at lines 911--913
[]\OT1/ptm/b/n/10.95 (+20) App starts \OT1/ptm/m/n/10.95 (+20) | the en-try poi
nt;
 []


Underfull \hbox (badness 10000) in paragraph at lines 915--918
[]\OT1/ptm/b/n/10.95 (+20) Load tour com-ple-tion flag \OT1/ptm/m/n/10.95 (+20)
 |
 []


Underfull \hbox (badness 10000) in paragraph at lines 915--918
\OT1/pcr/m/n/10.95 SharedPreferences \OT1/ptm/m/n/10.95 (+20) is queried asyn-
 []


Underfull \hbox (badness 10000) in paragraph at lines 937--940
[]\OT1/ptm/b/n/10.95 (+20) Bootstrap mon-i-tor-ing \OT1/ptm/m/n/10.95 (+20) |
 []


Underfull \hbox (badness 4531) in paragraph at lines 937--940
\OT1/pcr/m/n/10.95 HomeScreen.initState \OT1/ptm/m/n/10.95 (+20) sets up stream

 []

[24 <./UML/Battery_session_state.png>] [25 <./UML/activity.png>] [26]
<UML/DataFlow.png, id=758, 8221.71625pt x 3222.0375pt>
File: UML/DataFlow.png Graphic file (type png)
<use UML/DataFlow.png>
Package pdftex.def Info: UML/DataFlow.png  used on input line 962.
(pdftex.def)             Requested size: 700.40482pt x 274.48412pt.
 [27 <./UML/DataFlow.png>]

Package svg Warning: You didn't enable `shell escape' (or `write18')
(svg)                so it wasn't possible to launch the Inkscape export
(svg)                for `UML/component_diagram.svg' on input line 984.


! Package svg Error: File `component_diagram_svg-tex.pdf' is missing.

See the svg package documentation for explanation.
Type  H <return>  for immediate help.
 ...                                              
                                                  
l.984 ...[width=\textwidth]{UML/component_diagram}
                                                  
? 

! Package svg Error: File `component_diagram_svg-tex.pdf_tex' is missing.

See the svg package documentation for explanation.
Type  H <return>  for immediate help.
 ...                                              
                                                  
l.984 ...[width=\textwidth]{UML/component_diagram}
                                                  
? 

Package svg Warning: You didn't enable `shell escape' (or `write18')
(svg)                so it wasn't possible to launch the Inkscape export
(svg)                for `UML/deployment_diagram.svg' on input line 1001.


! Package svg Error: File `deployment_diagram_svg-tex.pdf' is missing.

See the svg package documentation for explanation.
Type  H <return>  for immediate help.
 ...                                              
                                                  
l.1001 ...idth=\textwidth]{UML/deployment_diagram}
                                                  
? 

! Package svg Error: File `deployment_diagram_svg-tex.pdf_tex' is missing.

See the svg package documentation for explanation.
Type  H <return>  for immediate help.
 ...                                              
                                                  
l.1001 ...idth=\textwidth]{UML/deployment_diagram}
                                                  
? 
[28


]
Chapter 5.

Overfull \hbox (19.36311pt too wide) in paragraph at lines 1043--1058
 [][] 
 []

[29

]
<SS/p3.jpeg, id=774, 1264.725pt x 2901.84125pt>
File: SS/p3.jpeg Graphic file (type jpg)
<use SS/p3.jpeg>
Package pdftex.def Info: SS/p3.jpeg  used on input line 1087.
(pdftex.def)             Requested size: 184.17511pt x 422.54948pt.
<SS/p5.jpeg, id=775, 1264.725pt x 2892.8075pt>
File: SS/p5.jpeg Graphic file (type jpg)
<use SS/p5.jpeg>
Package pdftex.def Info: SS/p5.jpeg  used on input line 1093.
(pdftex.def)             Requested size: 184.17511pt x 421.23404pt.
 [30] [31 <./SS/p3.jpeg> <./SS/p5.jpeg>]
<SS/p8.jpeg, id=790, 1264.725pt x 2810.5pt>
File: SS/p8.jpeg Graphic file (type jpg)
<use SS/p8.jpeg>
Package pdftex.def Info: SS/p8.jpeg  used on input line 1128.
(pdftex.def)             Requested size: 184.17511pt x 409.2489pt.
<SS/p10.jpeg, id=791, 948.54375pt x 2275.75218pt>
File: SS/p10.jpeg Graphic file (type jpg)
<use SS/p10.jpeg>
Package pdftex.def Info: SS/p10.jpeg  used on input line 1134.
(pdftex.def)             Requested size: 184.17511pt x 441.87738pt.
 [32 <./SS/p8.jpeg> <./SS/p10.jpeg>]
File: SS/p12.jpeg Graphic file (type jpg)
<use SS/p12.jpeg>
Package pdftex.def Info: SS/p12.jpeg  used on input line 1171.
(pdftex.def)             Requested size: 197.33pt x 438.49628pt.
 [33] [34]
Overfull \hbox (19.75769pt too wide) in paragraph at lines 1211--1224
 [][] 
 []

[35] [36] [37]
Chapter 6.
[38

]

! LaTeX Error: Unicode character ₂ (U+2082)
               not set up for use with LaTeX.

See the LaTeX manual or LaTeX Companion for explanation.
Type  H <return>  for immediate help.
 ...                                              
                                                  
l.1343 ... one smartphone emits 50--60 kg of CO₂
                                                  e, and a failing battery o...

? 

! LaTeX Error: Unicode character ₂ (U+2082)
               not set up for use with LaTeX.

See the LaTeX manual or LaTeX Companion for explanation.
Type  H <return>  for immediate help.
 ...                                              
                                                  
l.1343 ...avoids approximately 120 tonnes of CO₂
                                                  e emissions — equivalent...

? 

Overfull \hbox (19.7017pt too wide) in paragraph at lines 1349--1362
 [][] 
 []

[39]
Chapter 7.
[40

]
Overfull \hbox (6.61874pt too wide) in paragraph at lines 1400--1414
 [][] 
 []

[41]
Chapter 8.
[42

]
Appendix A.
[43

]
Appendix B.
[44

]
Appendix C.
[45

]
Appendix D.
[46

]
Overfull \hbox (8.69118pt too wide) in paragraph at lines 1477--1479
\OT1/ptm/m/n/12 (-20) able: [][]$\OT1/pcr/m/n/12 https : / / developer . androi
d . com / reference / android / os /
 []


Overfull \hbox (4.5701pt too wide) in paragraph at lines 1480--1482
[][]$\OT1/pcr/m/n/12 https : / / developer . android . com / develop / backgrou
nd-[]work /
 []


Overfull \hbox (16.11063pt too wide) in paragraph at lines 1483--1485
[]\OT1/ptm/m/n/12 (-20) Flutter, ``Flut-ter doc-u-men-ta-tion.'' [On-line]. Ava
il-able: [][]$\OT1/pcr/m/n/12 https : / / docs . flutter .
 []


Overfull \hbox (98.75006pt too wide) in paragraph at lines 1502--1504
\OT1/pcr/m/n/12 developer . android . com / reference / android / app / usage /
 UsageStatsManager$[][] 
 []

[47

]

! LaTeX Error: \begin{itemize} on input line 756 ended by \end{document}.

See the LaTeX manual or LaTeX Companion for explanation.
Type  H <return>  for immediate help.
 ...                                              
                                                  
l.1514 \end{document}
                     
? 
(mark2.aux)
 ***********
LaTeX2e <2025-11-01>
L3 programming layer <2025-12-24>
 ***********
Package rerunfilecheck Info: File `mark2.out' has not changed.
(rerunfilecheck)             Checksum: C72D354D20AECC212F63C5231D9DF3DE;17399.
 )
(\end occurred inside a group at level 1)

### semi simple group (level 1) entered at line 756 (\begingroup)
### bottom level 
Here is how much of TeX's memory you used:
 19018 strings out of 467871
 319504 string characters out of 5418860
 789927 words of memory out of 5000000
 46941 multiletter control sequences out of 15000+600000
 670144 words of font info for 324 fonts, out of 8000000 for 9000
 1141 hyphenation exceptions out of 8191
 94i,12n,93p,1196b,928s stack positions out of 10000i,1000n,20000p,200000b,200000s
<C:/Users/Emon/AppData/Local/Programs/MiKTeX/fonts/type1/public
/amsfonts/cm/cmex10.pfb><C:/Users/Emon/AppData/Local/Programs/MiKTeX/fonts/type
1/public/amsfonts/cm/cmmi10.pfb><C:/Users/Emon/AppData/Local/Programs/MiKTeX/fo
nts/type1/public/amsfonts/cm/cmmi12.pfb><C:/Users/Emon/AppData/Local/Programs/M
iKTeX/fonts/type1/public/amsfonts/cm/cmmi8.pfb><C:/Users/Emon/AppData/Local/Pro
grams/MiKTeX/fonts/type1/public/amsfonts/cm/cmr10.pfb><C:/Users/Emon/AppData/Lo
cal/Programs/MiKTeX/fonts/type1/public/amsfonts/cm/cmr12.pfb><C:/Users/Emon/App
Data/Local/Programs/MiKTeX/fonts/type1/public/amsfonts/cm/cmr8.pfb><C:/Users/Em
on/AppData/Local/Programs/MiKTeX/fonts/type1/public/amsfonts/cm/cmsy10.pfb><C:/
Users/Emon/AppData/Local/Programs/MiKTeX/fonts/type1/public/amsfonts/cm/cmsy8.p
fb><C:/Users/Emon/AppData/Local/Programs/MiKTeX/fonts/type1/public/amsfonts/sym
bols/msam10.pfb><C:/Users/Emon/AppData/Local/Programs/MiKTeX/fonts/type1/urw/co
urier/ucrb8a.pfb><C:/Users/Emon/AppData/Local/Programs/MiKTeX/fonts/type1/urw/c
ourier/ucrr8a.pfb><C:/Users/Emon/AppData/Local/Programs/MiKTeX/fonts/type1/urw/
times/utmb8a.pfb><C:/Users/Emon/AppData/Local/Programs/MiKTeX/fonts/type1/urw/t
imes/utmr8a.pfb><C:/Users/Emon/AppData/Local/Programs/MiKTeX/fonts/type1/urw/ti
mes/utmri8a.pfb>
Output written on mark2.pdf (54 pages, 6698408 bytes).
PDF statistics:
 1009 PDF objects out of 1200 (max. 8388607)
 274 named destinations out of 1000 (max. 500000)
 59654 words of extra memory for PDF output out of 61914 (max. 10000000)

